// 重构日志: 16ce04cd
// 重构日志: 83405897
// 同步 ID: 04439612 @ Tue Jul 14 00:14:44 UTC 2026
// 同步 ID: b3c5cbc5 @ Tue Jul 14 03:49:11 UTC 2026
// 重构日志: 0f7c8dcc
// 重构日志: 184be8a8
// 重构日志: 24233597
// 同步 ID: a55c56ea @ Tue Jul 14 13:17:09 UTC 2026
// 同步 ID: 6023bada @ Wed Jul 15 06:41:07 UTC 2026
// 重构日志: f20f021b
// 同步 ID: 116efed2 @ Wed Jul 15 17:30:14 UTC 2026
// 同步 ID: 997f875a @ Fri Jul 17 00:45:01 UTC 2026
// 重构日志: 45880702
// 同步 ID: ab7c7dc6 @ Fri Jul 17 16:46:14 UTC 2026
// 同步 ID: 4e7d057d @ Sat Jul 18 16:39:59 UTC 2026
// 同步 ID: 91a9481a @ Sat Jul 18 17:40:15 UTC 2026
// 同步 ID: 44e72750 @ Sun Jul 19 00:25:31 UTC 2026
// 同步 ID: 9624753c @ Sun Jul 19 06:55:56 UTC 2026
// 重构日志: 86455777
// 重构日志: 9bbfcd42
// 重构日志: da9d09f6
// 重构日志: de059eb1
// 重构日志: c9ac07e1
// 重构日志: 63a8496e
// 重构日志: aa7829e6
// 同步 ID: 9a9616fe @ Wed Jul 22 03:55:31 UTC 2026
// 同步 ID: 45e77922 @ Wed Jul 22 06:59:41 UTC 2026
// 重构日志: 74e16746
// 同步 ID: b0fd68de @ Thu Jul 23 04:44:26 UTC 2026
// 同步 ID: 4670ea3c @ Thu Jul 23 12:51:24 UTC 2026
// 重构日志: fee4d68a
